<?xml version="1.0" encoding="UTF-8"?>
<testsuite xmlns:xsi="http://www.w3.org/2001/XMLSchema-instance" xsi:noNamespaceSchemaLocation="https://maven.apache.org/surefire/maven-surefire-plugin/xsd/surefire-test-report.xsd" name="| Wales | Yes | Wales | 11-11-1990 | Yes | Yes | Yes Universal | No | Yes | True |" time="166.458" tests="16" errors="0" skipped="0" failures="2">
  <properties>
[...]
</properties>
  <testcase name="Given I am a person from &quot;Wales&quot;" classname="| Wales | Yes | Wales | 11-11-1990 | Yes | Yes | Yes Universal | Yes | Yes | True |" time="0.016"/>
  <testcase name="When I check my eligibility for NHSBSA" classname="| Wales | Yes | Wales | 11-11-1990 | Yes | Yes | Yes Universal | Yes | Yes | True |" time="0"/>
  <testcase name="Then I should see the NHSBSA eligibility checker as &quot;True&quot;" classname="| Wales | Yes | Wales | 11-11-1990 | Yes | Yes | Yes Universal | Yes | Yes | True |" time="0"/>
  <testcase name="| Wales | Yes | Wales | 11-11-1990 | Yes | Yes | Yes Universal | Yes | Yes | True |" classname="| Wales | Yes | Wales | 11-11-1990 | Yes | Yes | Yes Universal | Yes | Yes | True |" time="1.195"/>
  <testcase name="Given I am a person from &quot;Wales&quot;" classname="| Wales | No | Wales | 12-12-1990 | Yes | Yes | Yes Universal | Yes | Yes | True |" time="0"/>
  <testcase name="When I check my eligibility for NHSBSA" classname="| Wales | No | Wales | 12-12-1990 | Yes | Yes | Yes Universal | Yes | Yes | True |" time="0"/>
  <testcase name="Then I should see the NHSBSA eligibility checker as &quot;True&quot;" classname="| Wales | No | Wales | 12-12-1990 | Yes | Yes | Yes Universal | Yes | Yes | True |" time="0"/>
  <testcase name="| Wales | No | Wales | 12-12-1990 | Yes | Yes | Yes Universal | Yes | Yes | True |" classname="| Wales | No | Wales | 12-12-1990 | Yes | Yes | Yes Universal | Yes | Yes | True |" time="1.704"/>
  <testcase name="Given I am a person from &quot;Wales&quot;" classname="| Wales | Yes | Wales | 11-11-1990 | Yes | Yes | Yes Universal | Yes | No | True |" time="0.001"/>
  <testcase name="When I check my eligibility for NHSBSA" classname="| Wales | Yes | Wales | 11-11-1990 | Yes | Yes | Yes Universal | Yes | No | True |" time="0"/>
  <testcase name="Then I should see the NHSBSA eligibility checker as &quot;True&quot;" classname="| Wales | Yes | Wales | 11-11-1990 | Yes | Yes | Yes Universal | Yes | No | True |" time="0.023">
    <failure message="expected:&lt;true&gt; but was:&lt;false&gt;" type="java.lang.AssertionError"><![CDATA[java.lang.AssertionError: expected:<true> but was:<false>
]]></failure>
    <system-out><![CDATA[I should see the NHSBSA eligibility checker
final_result = How to get your help
&amp#27;[34mActual Result :: false, Expected Result :: true&amp#27;[0m
]]></system-out>
  </testcase>
  <testcase name="| Wales | Yes | Wales | 11-11-1990 | Yes | Yes | Yes Universal | Yes | No | True |" classname="| Wales | Yes | Wales | 11-11-1990 | Yes | Yes | Yes Universal | Yes | No | True |" time="0.024">
    <failure message="expected:&lt;true&gt; but was:&lt;false&gt;" type="java.lang.AssertionError"><![CDATA[java.lang.AssertionError: expected:<true> but was:<false>
]]></failure>
  </testcase>
  <testcase name="Given I am a person from &quot;Wales&quot;" classname="| Wales | Yes | Wales | 11-11-1990 | Yes | Yes | Yes Universal | No | Yes | True |" time="0"/>
  <testcase name="When I check my eligibility for NHSBSA" classname="| Wales | Yes | Wales | 11-11-1990 | Yes | Yes | Yes Universal | No | Yes | True |" time="0.001"/>
  <testcase name="Then I should see the NHSBSA eligibility checker as &quot;True&quot;" classname="| Wales | Yes | Wales | 11-11-1990 | Yes | Yes | Yes Universal | No | Yes | True |" time="0"/>
  <testcase name="| Wales | Yes | Wales | 11-11-1990 | Yes | Yes | Yes Universal | No | Yes | True |" classname="| Wales | Yes | Wales | 11-11-1990 | Yes | Yes | Yes Universal | No | Yes | True |" time="1.293"/>
</testsuite>